{"numFailedTestSuites":0,"numFailedTests":0,"numPassedTestSuites":2,"numPassedTests":3,"numPendingTestSuites":0,"numPendingTests":0,"numRuntimeErrorTestSuites":0,"numTodoTests":0,"numTotalTestSuites":2,"numTotalTests":3,"openHandles":[],"snapshot":{"added":0,"didUpdate":false,"failure":false,"filesAdded":0,"filesRemoved":0,"filesRemovedList":[],"filesUnmatched":0,"filesUpdated":0,"matched":0,"total":0,"unchecked":0,"uncheckedKeysByFile":[],"unmatched":0,"updated":0},"startTime":1639180602212,"success":true,"testResults":[{"assertionResults":[{"ancestorTitles":["Example Search"],"failureMessages":[],"fullName":"Example Search should return a successful response with all searchable items for GET /search","location":null,"status":"passed","title":"should return a successful response with all searchable items for GET /search"},{"ancestorTitles":["Example Search"],"failureMessages":[],"fullName":"Example Search should return a successful response with all items matching the searchTerm for GET /search/:searchTerm","location":null,"status":"passed","title":"should return a successful response with all items matching the searchTerm for GET /search/:searchTerm"}],"endTime":1639180605737,"message":"","name":"E:\\code\\rs-sandbox\\create-rs-domain\\server\\src\\routes\\ExampleSearch\\ExampleSearch.test.ts","startTime":1639180603053,"status":"passed","summary":""},{"assertionResults":[{"ancestorTitles":["app"],"failureMessages":[],"fullName":"app should return a successful response for GET /","location":null,"status":"passed","title":"should return a successful response for GET /"}],"endTime":1639180605773,"message":"","name":"E:\\code\\rs-sandbox\\create-rs-domain\\server\\src\\index.test.ts","startTime":1639180603068,"status":"passed","summary":""}],"wasInterrupted":false}